i:\vcexp\week2_exp2_1\week2_exp2_1\debug\week2_exp2_1.pch
i:\vcexp\week2_exp2_1\week2_exp2_1\debug\vc140.pdb
i:\vcexp\week2_exp2_1\week2_exp2_1\debug\vc140.idb
i:\vcexp\week2_exp2_1\week2_exp2_1\debug\stdafx.obj
i:\vcexp\week2_exp2_1\week2_exp2_1\debug\mainfrm.obj
i:\vcexp\week2_exp2_1\week2_exp2_1\debug\week2_exp2_1.obj
i:\vcexp\week2_exp2_1\week2_exp2_1\debug\week2_exp2_1doc.obj
i:\vcexp\week2_exp2_1\week2_exp2_1\debug\week2_exp2_1view.obj
i:\vcexp\week2_exp2_1\debug\week2_exp2_1.ilk
i:\vcexp\week2_exp2_1\debug\week2_exp2_1.exe
i:\vcexp\week2_exp2_1\debug\week2_exp2_1.pdb
i:\vcexp\week2_exp2_1\week2_exp2_1\debug\week2_exp2_1.res
i:\vcexp\week2_exp2_1\week2_exp2_1\debug\week2_exp2_1.tlog\cl.command.1.tlog
i:\vcexp\week2_exp2_1\week2_exp2_1\debug\week2_exp2_1.tlog\cl.read.1.tlog
i:\vcexp\week2_exp2_1\week2_exp2_1\debug\week2_exp2_1.tlog\cl.write.1.tlog
i:\vcexp\week2_exp2_1\week2_exp2_1\debug\week2_exp2_1.tlog\link.command.1.tlog
i:\vcexp\week2_exp2_1\week2_exp2_1\debug\week2_exp2_1.tlog\link.read.1.tlog
i:\vcexp\week2_exp2_1\week2_exp2_1\debug\week2_exp2_1.tlog\link.write.1.tlog
i:\vcexp\week2_exp2_1\week2_exp2_1\debug\week2_exp2_1.tlog\rc.command.1.tlog
i:\vcexp\week2_exp2_1\week2_exp2_1\debug\week2_exp2_1.tlog\rc.read.1.tlog
i:\vcexp\week2_exp2_1\week2_exp2_1\debug\week2_exp2_1.tlog\rc.write.1.tlog
