i:\vcexp\week3_exp3_3\week3_exp3_3\debug\week3_exp3_3.pch
i:\vcexp\week3_exp3_3\week3_exp3_3\debug\vc140.pdb
i:\vcexp\week3_exp3_3\week3_exp3_3\debug\vc140.idb
i:\vcexp\week3_exp3_3\week3_exp3_3\debug\stdafx.obj
i:\vcexp\week3_exp3_3\week3_exp3_3\debug\week3_exp3_3view.obj
i:\vcexp\week3_exp3_3\week3_exp3_3\debug\mainfrm.obj
i:\vcexp\week3_exp3_3\week3_exp3_3\debug\week3_exp3_3.obj
i:\vcexp\week3_exp3_3\week3_exp3_3\debug\week3_exp3_3doc.obj
i:\vcexp\week3_exp3_3\debug\week3_exp3_3.ilk
i:\vcexp\week3_exp3_3\debug\week3_exp3_3.exe
i:\vcexp\week3_exp3_3\debug\week3_exp3_3.pdb
i:\vcexp\week3_exp3_3\week3_exp3_3\debug\week3_exp3_3.res
i:\vcexp\week3_exp3_3\week3_exp3_3\debug\week3_exp3_3.tlog\cl.command.1.tlog
i:\vcexp\week3_exp3_3\week3_exp3_3\debug\week3_exp3_3.tlog\cl.read.1.tlog
i:\vcexp\week3_exp3_3\week3_exp3_3\debug\week3_exp3_3.tlog\cl.write.1.tlog
i:\vcexp\week3_exp3_3\week3_exp3_3\debug\week3_exp3_3.tlog\link.command.1.tlog
i:\vcexp\week3_exp3_3\week3_exp3_3\debug\week3_exp3_3.tlog\link.read.1.tlog
i:\vcexp\week3_exp3_3\week3_exp3_3\debug\week3_exp3_3.tlog\link.write.1.tlog
i:\vcexp\week3_exp3_3\week3_exp3_3\debug\week3_exp3_3.tlog\rc.command.1.tlog
i:\vcexp\week3_exp3_3\week3_exp3_3\debug\week3_exp3_3.tlog\rc.read.1.tlog
i:\vcexp\week3_exp3_3\week3_exp3_3\debug\week3_exp3_3.tlog\rc.write.1.tlog
