i:\vcexp\week2_exp1_2\week2_exp1_2\debug\week2_exp1_2.pch
i:\vcexp\week2_exp1_2\week2_exp1_2\debug\vc140.pdb
i:\vcexp\week2_exp1_2\week2_exp1_2\debug\vc140.idb
i:\vcexp\week2_exp1_2\week2_exp1_2\debug\stdafx.obj
i:\vcexp\week2_exp1_2\week2_exp1_2\debug\week2_exp1_2view.obj
i:\vcexp\week2_exp1_2\week2_exp1_2\debug\mainfrm.obj
i:\vcexp\week2_exp1_2\week2_exp1_2\debug\week2_exp1_2.obj
i:\vcexp\week2_exp1_2\week2_exp1_2\debug\week2_exp1_2doc.obj
i:\vcexp\week2_exp1_2\week2_exp1_2\debug\week2_exp1_2.res
i:\vcexp\week2_exp1_2\debug\week2_exp1_2.pdb
i:\vcexp\week2_exp1_2\debug\week2_exp1_2.exe
i:\vcexp\week2_exp1_2\debug\week2_exp1_2.ilk
i:\vcexp\week2_exp1_2\week2_exp1_2\debug\week2_exp1_2.tlog\cl.command.1.tlog
i:\vcexp\week2_exp1_2\week2_exp1_2\debug\week2_exp1_2.tlog\cl.read.1.tlog
i:\vcexp\week2_exp1_2\week2_exp1_2\debug\week2_exp1_2.tlog\cl.write.1.tlog
i:\vcexp\week2_exp1_2\week2_exp1_2\debug\week2_exp1_2.tlog\link.command.1.tlog
i:\vcexp\week2_exp1_2\week2_exp1_2\debug\week2_exp1_2.tlog\link.read.1.tlog
i:\vcexp\week2_exp1_2\week2_exp1_2\debug\week2_exp1_2.tlog\link.write.1.tlog
i:\vcexp\week2_exp1_2\week2_exp1_2\debug\week2_exp1_2.tlog\rc.command.1.tlog
i:\vcexp\week2_exp1_2\week2_exp1_2\debug\week2_exp1_2.tlog\rc.read.1.tlog
i:\vcexp\week2_exp1_2\week2_exp1_2\debug\week2_exp1_2.tlog\rc.write.1.tlog
